{"uid":"d7becea7dddb8b48","name":"commonMatchersTest","fullName":"org.mytests.tests.example.DataTableTests.commonMatchersTest","historyId":"7f4130822e0f961467498a7c408d96a8","time":{"start":1668417216355,"stop":1668417216356,"duration":1},"status":"skipped","statusMessage":"\nCan't get WebDriver: firefox","statusTrace":"java.lang.RuntimeException: \nCan't get WebDriver: firefox\n\tat com.epam.jdi.light.common.Exceptions.exception(Exceptions.java:35)\n\tat com.epam.jdi.light.driver.WebDriverFactory.getDriver(WebDriverFactory.java:216)\n\tat com.epam.jdi.light.elements.common.WindowsManager.setWindowName(WindowsManager.java:87)\n\tat com.epam.jdi.light.elements.common.WindowsManager.openSiteTab(WindowsManager.java:51)\n\tat com.epam.jdi.light.elements.composite.WebPage.openSite(WebPage.java:153)\n\tat org.mytests.tests.TestsInit.setUp(TestsInit.java:17)\n\tat java.base/jdk.internal.reflect.NativeMethodAccessorImpl.invoke0(Native Method)\n\tat java.base/jdk.internal.reflect.NativeMethodAccessorImpl.invoke(NativeMethodAccessorImpl.java:62)\n\tat java.base/jdk.internal.reflect.DelegatingMethodAccessorImpl.invoke(DelegatingMethodAccessorImpl.java:43)\n\tat java.base/java.lang.reflect.Method.invoke(Method.java:564)\n\tat org.testng.internal.MethodInvocationHelper.invokeMethod(MethodInvocationHelper.java:124)\n\tat org.testng.internal.MethodInvocationHelper.invokeMethodConsideringTimeout(MethodInvocationHelper.java:59)\n\tat org.testng.internal.Invoker.invokeConfigurationMethod(Invoker.java:458)\n\tat org.testng.internal.Invoker.invokeConfigurations(Invoker.java:222)\n\tat org.testng.internal.Invoker.invokeConfigurations(Invoker.java:142)\n\tat org.testng.SuiteRunner.privateRun(SuiteRunner.java:401)\n\tat org.testng.SuiteRunner.run(SuiteRunner.java:364)\n\tat org.testng.SuiteRunnerWorker.runSuite(SuiteRunnerWorker.java:52)\n\tat org.testng.SuiteRunnerWorker.run(SuiteRunnerWorker.java:84)\n\tat org.testng.TestNG.runSuitesSequentially(TestNG.java:1208)\n\tat org.testng.TestNG.runSuitesLocally(TestNG.java:1137)\n\tat org.testng.TestNG.runSuites(TestNG.java:1049)\n\tat org.testng.TestNG.run(TestNG.java:1017)\n\tat org.apache.maven.surefire.testng.TestNGExecutor.run(TestNGExecutor.java:283)\n\tat org.apache.maven.surefire.testng.TestNGXmlTestSuite.execute(TestNGXmlTestSuite.java:75)\n\tat org.apache.maven.surefire.testng.TestNGProvider.invoke(TestNGProvider.java:120)\n\tat org.apache.maven.surefire.booter.ForkedBooter.invokeProviderInSameClassLoader(ForkedBooter.java:384)\n\tat org.apache.maven.surefire.booter.ForkedBooter.runSuitesInProcess(ForkedBooter.java:345)\n\tat org.apache.maven.surefire.booter.ForkedBooter.execute(ForkedBooter.java:126)\n\tat org.apache.maven.surefire.booter.ForkedBooter.main(ForkedBooter.java:418)\nCaused by: java.lang.RuntimeException: \nCan't get WebDriver: firefox\n\tat com.epam.jdi.light.common.Exceptions.exception(Exceptions.java:35)\n\tat com.epam.jdi.light.driver.WebDriverFactory.getDriver(WebDriverFactory.java:224)\n\tat com.epam.jdi.light.driver.WebDriverFactory.getDriver(WebDriverFactory.java:214)\n\t... 28 more\nCaused by: java.lang.RuntimeException: java.lang.RuntimeException: \nFailed to run downloaded driver FIREFOX:X64:latest. Please check that your browser and driver are compatible or use local driver with 'drivers.folder' property in test.properties'.\nDriverPath: /home/runner/.cache/selenium/geckodriver/linux64/0.32.0/geckodriver\n\tat com.jdiai.tools.func.JFunc1.execute(JFunc1.java:21)\n\tat com.epam.jdi.light.driver.WebDriverFactory.getDriver(WebDriverFactory.java:222)\n\t... 29 more\nCaused by: java.lang.RuntimeException: \nFailed to run downloaded driver FIREFOX:X64:latest. Please check that your browser and driver are compatible or use local driver with 'drivers.folder' property in test.properties'.\nDriverPath: /home/runner/.cache/selenium/geckodriver/linux64/0.32.0/geckodriver\n\tat com.epam.jdi.light.common.Exceptions.exception(Exceptions.java:35)\n\tat com.epam.jdi.light.driver.WebDriverFactory.getDriverException(WebDriverFactory.java:143)\n\tat com.epam.jdi.light.driver.WebDriverFactory.getDriverByName(WebDriverFactory.java:127)\n\tat com.jdiai.tools.func.JFunc1.execute(JFunc1.java:19)\n\t... 30 more\nCaused by: java.lang.RuntimeException: \nCan't run and register new driver 'firefox'\n\tat com.epam.jdi.light.common.Exceptions.exception(Exceptions.java:35)\n\tat com.epam.jdi.light.driver.WebDriverFactory.registerNewDriver(WebDriverFactory.java:90)\n\tat com.epam.jdi.light.driver.WebDriverFactory.getDriverFromName(WebDriverFactory.java:158)\n\tat com.epam.jdi.light.driver.WebDriverFactory.getDriverByName(WebDriverFactory.java:125)\n\t... 31 more\nCaused by: java.lang.RuntimeException: \nFailed to get valid driver 'firefox'\n\tat com.epam.jdi.light.common.Exceptions.runtimeException(Exceptions.java:17)\n\tat com.epam.jdi.light.driver.WebDriverFactory.getValidDriver(WebDriverFactory.java:113)\n\tat com.epam.jdi.light.driver.WebDriverFactory.registerNewDriver(WebDriverFactory.java:85)\n\t... 33 more\n","flaky":false,"newFailed":false,"newBroken":false,"newPassed":false,"retriesCount":0,"retriesStatusChange":false,"beforeStages":[{"name":"setUp","time":{"start":1668417206313,"stop":1668417216138,"duration":9825},"description":"","status":"broken","statusMessage":"\nCan't get WebDriver: firefox","statusTrace":"java.lang.RuntimeException: \nCan't get WebDriver: firefox\n\tat com.epam.jdi.light.common.Exceptions.exception(Exceptions.java:35)\n\tat com.epam.jdi.light.driver.WebDriverFactory.getDriver(WebDriverFactory.java:216)\n\tat com.epam.jdi.light.elements.common.WindowsManager.setWindowName(WindowsManager.java:87)\n\tat com.epam.jdi.light.elements.common.WindowsManager.openSiteTab(WindowsManager.java:51)\n\tat com.epam.jdi.light.elements.composite.WebPage.openSite(WebPage.java:153)\n\tat org.mytests.tests.TestsInit.setUp(TestsInit.java:17)\n\tat java.base/jdk.internal.reflect.NativeMethodAccessorImpl.invoke0(Native Method)\n\tat java.base/jdk.internal.reflect.NativeMethodAccessorImpl.invoke(NativeMethodAccessorImpl.java:62)\n\tat java.base/jdk.internal.reflect.DelegatingMethodAccessorImpl.invoke(DelegatingMethodAccessorImpl.java:43)\n\tat java.base/java.lang.reflect.Method.invoke(Method.java:564)\n\tat org.testng.internal.MethodInvocationHelper.invokeMethod(MethodInvocationHelper.java:124)\n\tat org.testng.internal.MethodInvocationHelper.invokeMethodConsideringTimeout(MethodInvocationHelper.java:59)\n\tat org.testng.internal.Invoker.invokeConfigurationMethod(Invoker.java:458)\n\tat org.testng.internal.Invoker.invokeConfigurations(Invoker.java:222)\n\tat org.testng.internal.Invoker.invokeConfigurations(Invoker.java:142)\n\tat org.testng.SuiteRunner.privateRun(SuiteRunner.java:401)\n\tat org.testng.SuiteRunner.run(SuiteRunner.java:364)\n\tat org.testng.SuiteRunnerWorker.runSuite(SuiteRunnerWorker.java:52)\n\tat org.testng.SuiteRunnerWorker.run(SuiteRunnerWorker.java:84)\n\tat org.testng.TestNG.runSuitesSequentially(TestNG.java:1208)\n\tat org.testng.TestNG.runSuitesLocally(TestNG.java:1137)\n\tat org.testng.TestNG.runSuites(TestNG.java:1049)\n\tat org.testng.TestNG.run(TestNG.java:1017)\n\tat org.apache.maven.surefire.testng.TestNGExecutor.run(TestNGExecutor.java:283)\n\tat org.apache.maven.surefire.testng.TestNGXmlTestSuite.execute(TestNGXmlTestSuite.java:75)\n\tat org.apache.maven.surefire.testng.TestNGProvider.invoke(TestNGProvider.java:120)\n\tat org.apache.maven.surefire.booter.ForkedBooter.invokeProviderInSameClassLoader(ForkedBooter.java:384)\n\tat org.apache.maven.surefire.booter.ForkedBooter.runSuitesInProcess(ForkedBooter.java:345)\n\tat org.apache.maven.surefire.booter.ForkedBooter.execute(ForkedBooter.java:126)\n\tat org.apache.maven.surefire.booter.ForkedBooter.main(ForkedBooter.java:418)\nCaused by: java.lang.RuntimeException: \nCan't get WebDriver: firefox\n\tat com.epam.jdi.light.common.Exceptions.exception(Exceptions.java:35)\n\tat com.epam.jdi.light.driver.WebDriverFactory.getDriver(WebDriverFactory.java:224)\n\tat com.epam.jdi.light.driver.WebDriverFactory.getDriver(WebDriverFactory.java:214)\n\t... 28 more\nCaused by: java.lang.RuntimeException: java.lang.RuntimeException: \nFailed to run downloaded driver FIREFOX:X64:latest. Please check that your browser and driver are compatible or use local driver with 'drivers.folder' property in test.properties'.\nDriverPath: /home/runner/.cache/selenium/geckodriver/linux64/0.32.0/geckodriver\n\tat com.jdiai.tools.func.JFunc1.execute(JFunc1.java:21)\n\tat com.epam.jdi.light.driver.WebDriverFactory.getDriver(WebDriverFactory.java:222)\n\t... 29 more\nCaused by: java.lang.RuntimeException: \nFailed to run downloaded driver FIREFOX:X64:latest. Please check that your browser and driver are compatible or use local driver with 'drivers.folder' property in test.properties'.\nDriverPath: /home/runner/.cache/selenium/geckodriver/linux64/0.32.0/geckodriver\n\tat com.epam.jdi.light.common.Exceptions.exception(Exceptions.java:35)\n\tat com.epam.jdi.light.driver.WebDriverFactory.getDriverException(WebDriverFactory.java:143)\n\tat com.epam.jdi.light.driver.WebDriverFactory.getDriverByName(WebDriverFactory.java:127)\n\tat com.jdiai.tools.func.JFunc1.execute(JFunc1.java:19)\n\t... 30 more\nCaused by: java.lang.RuntimeException: \nCan't run and register new driver 'firefox'\n\tat com.epam.jdi.light.common.Exceptions.exception(Exceptions.java:35)\n\tat com.epam.jdi.light.driver.WebDriverFactory.registerNewDriver(WebDriverFactory.java:90)\n\tat com.epam.jdi.light.driver.WebDriverFactory.getDriverFromName(WebDriverFactory.java:158)\n\tat com.epam.jdi.light.driver.WebDriverFactory.getDriverByName(WebDriverFactory.java:125)\n\t... 31 more\nCaused by: java.lang.RuntimeException: \nFailed to get valid driver 'firefox'\n\tat com.epam.jdi.light.common.Exceptions.runtimeException(Exceptions.java:17)\n\tat com.epam.jdi.light.driver.WebDriverFactory.getValidDriver(WebDriverFactory.java:113)\n\tat com.epam.jdi.light.driver.WebDriverFactory.registerNewDriver(WebDriverFactory.java:85)\n\t... 33 more\n","steps":[],"attachments":[],"parameters":[],"stepsCount":0,"attachmentsCount":0,"shouldDisplayMessage":true,"hasContent":true}],"afterStages":[{"name":"tearDown","time":{"start":1668417216523,"stop":1668417216523,"duration":0},"description":"","status":"passed","steps":[],"attachments":[],"parameters":[],"stepsCount":0,"attachmentsCount":0,"shouldDisplayMessage":false,"hasContent":false}],"labels":[{"name":"package","value":"org.mytests.tests.example.DataTableTests"},{"name":"testClass","value":"org.mytests.tests.example.DataTableTests"},{"name":"testMethod","value":"commonMatchersTest"},{"name":"parentSuite","value":"JDI-Light Performance"},{"name":"suite","value":"Tests"},{"name":"subSuite","value":"org.mytests.tests.example.DataTableTests"},{"name":"host","value":"fv-az54-268"},{"name":"thread","value":"3576@fv-az54-268.TestNG-test=Tests-3(31)"},{"name":"framework","value":"testng"},{"name":"language","value":"java"},{"name":"resultFormat","value":"allure2"}],"parameters":[],"links":[],"hidden":false,"retry":false,"extra":{"severity":"normal","retries":[],"categories":[],"history":{"statistic":{"failed":0,"broken":0,"skipped":30,"passed":1,"unknown":0,"total":31},"items":[{"uid":"82b8b3dfdcb6c225","reportUrl":"https://jdi-templates.github.io/jdi-light-browserstack/7//#testresult/82b8b3dfdcb6c225","status":"skipped","statusDetails":"\nCan't get WebDriver: firefox","time":{"start":1668417116838,"stop":1668417116839,"duration":1}},{"uid":"ee8f851213d57804","reportUrl":"https://jdi-templates.github.io/jdi-light-browserstack/7//#testresult/ee8f851213d57804","status":"skipped","statusDetails":"\nCan't get WebDriver: firefox","time":{"start":1668417005504,"stop":1668417005505,"duration":1}},{"uid":"ea370e935446c24f","reportUrl":"https://jdi-templates.github.io/jdi-light-browserstack/7//#testresult/ea370e935446c24f","status":"skipped","statusDetails":"\nCan't get WebDriver: firefox","time":{"start":1668416878400,"stop":1668416878400,"duration":0}},{"uid":"679cc91336f6dbb6","reportUrl":"https://jdi-templates.github.io/jdi-light-browserstack/7//#testresult/679cc91336f6dbb6","status":"skipped","statusDetails":"\nCan't get WebDriver: firefox","time":{"start":1668416760661,"stop":1668416760662,"duration":1}},{"uid":"918c278e420e276b","reportUrl":"https://jdi-templates.github.io/jdi-light-browserstack/7//#testresult/918c278e420e276b","status":"skipped","statusDetails":"\nCan't get WebDriver: firefox","time":{"start":1668416656690,"stop":1668416656691,"duration":1}},{"uid":"354e940f38afa63","reportUrl":"https://jdi-templates.github.io/jdi-light-browserstack/6//#testresult/354e940f38afa63","status":"skipped","statusDetails":"\nCan't get WebDriver: firefox","time":{"start":1667992195638,"stop":1667992195638,"duration":0}},{"uid":"867b482b774403fc","reportUrl":"https://jdi-templates.github.io/jdi-light-browserstack/6//#testresult/867b482b774403fc","status":"skipped","statusDetails":"\nCan't get WebDriver: firefox","time":{"start":1667992079323,"stop":1667992079323,"duration":0}},{"uid":"5ed46d6a5828bb34","reportUrl":"https://jdi-templates.github.io/jdi-light-browserstack/6//#testresult/5ed46d6a5828bb34","status":"skipped","statusDetails":"\nCan't get WebDriver: firefox","time":{"start":1667991973624,"stop":1667991973624,"duration":0}},{"uid":"ec12be09e38e1bfb","reportUrl":"https://jdi-templates.github.io/jdi-light-browserstack/6//#testresult/ec12be09e38e1bfb","status":"skipped","statusDetails":"\nCan't get WebDriver: firefox","time":{"start":1667991873176,"stop":1667991873176,"duration":0}},{"uid":"c6d6efd618b4fff9","reportUrl":"https://jdi-templates.github.io/jdi-light-browserstack/6//#testresult/c6d6efd618b4fff9","status":"skipped","statusDetails":"\nCan't get WebDriver: firefox","time":{"start":1667991759127,"stop":1667991759127,"duration":0}},{"uid":"4440272b8193ecb0","reportUrl":"https://jdi-templates.github.io/jdi-light-browserstack/6//#testresult/4440272b8193ecb0","status":"skipped","statusDetails":"\nCan't get WebDriver: firefox","time":{"start":1667991671549,"stop":1667991671549,"duration":0}},{"uid":"7c8f39836a40fe98","reportUrl":"https://jdi-templates.github.io/jdi-light-browserstack/6//#testresult/7c8f39836a40fe98","status":"skipped","statusDetails":"\nCan't get WebDriver: firefox","time":{"start":1667991568980,"stop":1667991568980,"duration":0}},{"uid":"2bd984e202e137c","reportUrl":"https://jdi-templates.github.io/jdi-light-browserstack/6//#testresult/2bd984e202e137c","status":"skipped","statusDetails":"\nCan't get WebDriver: firefox","time":{"start":1667991465230,"stop":1667991465230,"duration":0}},{"uid":"dd31dbc07d46ca66","reportUrl":"https://jdi-templates.github.io/jdi-light-browserstack/5//#testresult/dd31dbc07d46ca66","status":"skipped","statusDetails":"\nCan't get WebDriver: firefox","time":{"start":1667986026200,"stop":1667986026200,"duration":0}},{"uid":"4ed4ded03d90aa28","reportUrl":"https://jdi-templates.github.io/jdi-light-browserstack/5//#testresult/4ed4ded03d90aa28","status":"skipped","statusDetails":"\nCan't get WebDriver: firefox","time":{"start":1667985901951,"stop":1667985901952,"duration":1}},{"uid":"ccfc23b088ae7ec8","reportUrl":"https://jdi-templates.github.io/jdi-light-browserstack/5//#testresult/ccfc23b088ae7ec8","status":"skipped","statusDetails":"\nCan't get WebDriver: firefox","time":{"start":1667985782808,"stop":1667985782809,"duration":1}},{"uid":"9d65af475de6e7fa","reportUrl":"https://jdi-templates.github.io/jdi-light-browserstack/5//#testresult/9d65af475de6e7fa","status":"skipped","statusDetails":"\nCan't get WebDriver: firefox","time":{"start":1667985662820,"stop":1667985662821,"duration":1}},{"uid":"b7e50c2bb03681df","reportUrl":"https://jdi-templates.github.io/jdi-light-browserstack/5//#testresult/b7e50c2bb03681df","status":"skipped","statusDetails":"\nCan't get WebDriver: firefox","time":{"start":1667985532492,"stop":1667985532492,"duration":0}},{"uid":"ca1e9d9c438309a2","reportUrl":"https://jdi-templates.github.io/jdi-light-browserstack/5//#testresult/ca1e9d9c438309a2","status":"skipped","statusDetails":"\nCan't get WebDriver: firefox","time":{"start":1667985435218,"stop":1667985435218,"duration":0}},{"uid":"e1014b516a2f4f86","reportUrl":"https://jdi-templates.github.io/jdi-light-browserstack/5//#testresult/e1014b516a2f4f86","status":"skipped","statusDetails":"\nCan't get WebDriver: firefox","time":{"start":1667985324000,"stop":1667985324000,"duration":0}}]},"tags":[]},"source":"d7becea7dddb8b48.json","parameterValues":[]}