{"uid":"b8f14852a52e7102","name":"tableParamsTest","fullName":"org.mytests.tests.example.DataTableTests.tableParamsTest","historyId":"900700fe5631074d88345619a4d84e25","time":{"start":1667992195718,"stop":1667992195718,"duration":0},"status":"skipped","statusMessage":"\nCan't get WebDriver: firefox","statusTrace":"java.lang.RuntimeException: \nCan't get WebDriver: firefox\n\tat com.epam.jdi.light.common.Exceptions.exception(Exceptions.java:31)\n\tat com.epam.jdi.light.driver.WebDriverFactory.getDriver(WebDriverFactory.java:216)\n\tat com.epam.jdi.light.elements.common.WindowsManager.setWindowName(WindowsManager.java:87)\n\tat com.epam.jdi.light.elements.common.WindowsManager.openSiteTab(WindowsManager.java:51)\n\tat com.epam.jdi.light.elements.composite.WebPage.openSite(WebPage.java:153)\n\tat org.mytests.tests.TestsInit.setUp(TestsInit.java:17)\n\tat java.base/jdk.internal.reflect.NativeMethodAccessorImpl.invoke0(Native Method)\n\tat java.base/jdk.internal.reflect.NativeMethodAccessorImpl.invoke(NativeMethodAccessorImpl.java:64)\n\tat java.base/jdk.internal.reflect.DelegatingMethodAccessorImpl.invoke(DelegatingMethodAccessorImpl.java:43)\n\tat java.base/java.lang.reflect.Method.invoke(Method.java:564)\n\tat org.testng.internal.MethodInvocationHelper.invokeMethod(MethodInvocationHelper.java:124)\n\tat org.testng.internal.MethodInvocationHelper.invokeMethodConsideringTimeout(MethodInvocationHelper.java:59)\n\tat org.testng.internal.Invoker.invokeConfigurationMethod(Invoker.java:458)\n\tat org.testng.internal.Invoker.invokeConfigurations(Invoker.java:222)\n\tat org.testng.internal.Invoker.invokeConfigurations(Invoker.java:142)\n\tat org.testng.SuiteRunner.privateRun(SuiteRunner.java:401)\n\tat org.testng.SuiteRunner.run(SuiteRunner.java:364)\n\tat org.testng.SuiteRunnerWorker.runSuite(SuiteRunnerWorker.java:52)\n\tat org.testng.SuiteRunnerWorker.run(SuiteRunnerWorker.java:84)\n\tat org.testng.TestNG.runSuitesSequentially(TestNG.java:1208)\n\tat org.testng.TestNG.runSuitesLocally(TestNG.java:1137)\n\tat org.testng.TestNG.runSuites(TestNG.java:1049)\n\tat org.testng.TestNG.run(TestNG.java:1017)\n\tat org.apache.maven.surefire.testng.TestNGExecutor.run(TestNGExecutor.java:283)\n\tat org.apache.maven.surefire.testng.TestNGXmlTestSuite.execute(TestNGXmlTestSuite.java:75)\n\tat org.apache.maven.surefire.testng.TestNGProvider.invoke(TestNGProvider.java:120)\n\tat org.apache.maven.surefire.booter.ForkedBooter.invokeProviderInSameClassLoader(ForkedBooter.java:384)\n\tat org.apache.maven.surefire.booter.ForkedBooter.runSuitesInProcess(ForkedBooter.java:345)\n\tat org.apache.maven.surefire.booter.ForkedBooter.execute(ForkedBooter.java:126)\n\tat org.apache.maven.surefire.booter.ForkedBooter.main(ForkedBooter.java:418)\nCaused by: java.lang.RuntimeException: \nCan't get WebDriver: firefox\n\tat com.epam.jdi.light.common.Exceptions.exception(Exceptions.java:31)\n\tat com.epam.jdi.light.driver.WebDriverFactory.getDriver(WebDriverFactory.java:224)\n\tat com.epam.jdi.light.driver.WebDriverFactory.getDriver(WebDriverFactory.java:214)\n\t... 28 more\nCaused by: java.lang.RuntimeException: java.lang.RuntimeException: \nFailed to run downloaded driver FIREFOX:X64:latest. Please check that your browser and driver are compatible or use local driver with 'drivers.folder' property in test.properties'.\nDriverPath: /home/runner/.cache/selenium/geckodriver/linux64/0.32.0/geckodriver\n\tat com.jdiai.tools.func.JFunc1.execute(JFunc1.java:21)\n\tat com.epam.jdi.light.driver.WebDriverFactory.getDriver(WebDriverFactory.java:222)\n\t... 29 more\nCaused by: java.lang.RuntimeException: \nFailed to run downloaded driver FIREFOX:X64:latest. Please check that your browser and driver are compatible or use local driver with 'drivers.folder' property in test.properties'.\nDriverPath: /home/runner/.cache/selenium/geckodriver/linux64/0.32.0/geckodriver\n\tat com.epam.jdi.light.common.Exceptions.exception(Exceptions.java:31)\n\tat com.epam.jdi.light.driver.WebDriverFactory.getDriverException(WebDriverFactory.java:143)\n\tat com.epam.jdi.light.driver.WebDriverFactory.getDriverByName(WebDriverFactory.java:127)\n\tat com.jdiai.tools.func.JFunc1.execute(JFunc1.java:19)\n\t... 30 more\nCaused by: java.lang.RuntimeException: \nCan't run and register new driver 'firefox'\n\tat com.epam.jdi.light.common.Exceptions.exception(Exceptions.java:31)\n\tat com.epam.jdi.light.driver.WebDriverFactory.registerNewDriver(WebDriverFactory.java:90)\n\tat com.epam.jdi.light.driver.WebDriverFactory.getDriverFromName(WebDriverFactory.java:158)\n\tat com.epam.jdi.light.driver.WebDriverFactory.getDriverByName(WebDriverFactory.java:125)\n\t... 31 more\nCaused by: java.lang.RuntimeException: \nFailed to get valid driver 'firefox'\n\tat com.epam.jdi.light.common.Exceptions.runtimeException(Exceptions.java:15)\n\tat com.epam.jdi.light.driver.WebDriverFactory.getValidDriver(WebDriverFactory.java:113)\n\tat com.epam.jdi.light.driver.WebDriverFactory.registerNewDriver(WebDriverFactory.java:85)\n\t... 33 more\n","flaky":false,"newFailed":false,"newBroken":false,"newPassed":false,"retriesCount":0,"retriesStatusChange":false,"beforeStages":[{"name":"setUp","time":{"start":1667992187824,"stop":1667992195421,"duration":7597},"description":"","status":"broken","statusMessage":"\nCan't get WebDriver: firefox","statusTrace":"java.lang.RuntimeException: \nCan't get WebDriver: firefox\n\tat com.epam.jdi.light.common.Exceptions.exception(Exceptions.java:31)\n\tat com.epam.jdi.light.driver.WebDriverFactory.getDriver(WebDriverFactory.java:216)\n\tat com.epam.jdi.light.elements.common.WindowsManager.setWindowName(WindowsManager.java:87)\n\tat com.epam.jdi.light.elements.common.WindowsManager.openSiteTab(WindowsManager.java:51)\n\tat com.epam.jdi.light.elements.composite.WebPage.openSite(WebPage.java:153)\n\tat org.mytests.tests.TestsInit.setUp(TestsInit.java:17)\n\tat java.base/jdk.internal.reflect.NativeMethodAccessorImpl.invoke0(Native Method)\n\tat java.base/jdk.internal.reflect.NativeMethodAccessorImpl.invoke(NativeMethodAccessorImpl.java:64)\n\tat java.base/jdk.internal.reflect.DelegatingMethodAccessorImpl.invoke(DelegatingMethodAccessorImpl.java:43)\n\tat java.base/java.lang.reflect.Method.invoke(Method.java:564)\n\tat org.testng.internal.MethodInvocationHelper.invokeMethod(MethodInvocationHelper.java:124)\n\tat org.testng.internal.MethodInvocationHelper.invokeMethodConsideringTimeout(MethodInvocationHelper.java:59)\n\tat org.testng.internal.Invoker.invokeConfigurationMethod(Invoker.java:458)\n\tat org.testng.internal.Invoker.invokeConfigurations(Invoker.java:222)\n\tat org.testng.internal.Invoker.invokeConfigurations(Invoker.java:142)\n\tat org.testng.SuiteRunner.privateRun(SuiteRunner.java:401)\n\tat org.testng.SuiteRunner.run(SuiteRunner.java:364)\n\tat org.testng.SuiteRunnerWorker.runSuite(SuiteRunnerWorker.java:52)\n\tat org.testng.SuiteRunnerWorker.run(SuiteRunnerWorker.java:84)\n\tat org.testng.TestNG.runSuitesSequentially(TestNG.java:1208)\n\tat org.testng.TestNG.runSuitesLocally(TestNG.java:1137)\n\tat org.testng.TestNG.runSuites(TestNG.java:1049)\n\tat org.testng.TestNG.run(TestNG.java:1017)\n\tat org.apache.maven.surefire.testng.TestNGExecutor.run(TestNGExecutor.java:283)\n\tat org.apache.maven.surefire.testng.TestNGXmlTestSuite.execute(TestNGXmlTestSuite.java:75)\n\tat org.apache.maven.surefire.testng.TestNGProvider.invoke(TestNGProvider.java:120)\n\tat org.apache.maven.surefire.booter.ForkedBooter.invokeProviderInSameClassLoader(ForkedBooter.java:384)\n\tat org.apache.maven.surefire.booter.ForkedBooter.runSuitesInProcess(ForkedBooter.java:345)\n\tat org.apache.maven.surefire.booter.ForkedBooter.execute(ForkedBooter.java:126)\n\tat org.apache.maven.surefire.booter.ForkedBooter.main(ForkedBooter.java:418)\nCaused by: java.lang.RuntimeException: \nCan't get WebDriver: firefox\n\tat com.epam.jdi.light.common.Exceptions.exception(Exceptions.java:31)\n\tat com.epam.jdi.light.driver.WebDriverFactory.getDriver(WebDriverFactory.java:224)\n\tat com.epam.jdi.light.driver.WebDriverFactory.getDriver(WebDriverFactory.java:214)\n\t... 28 more\nCaused by: java.lang.RuntimeException: java.lang.RuntimeException: \nFailed to run downloaded driver FIREFOX:X64:latest. Please check that your browser and driver are compatible or use local driver with 'drivers.folder' property in test.properties'.\nDriverPath: /home/runner/.cache/selenium/geckodriver/linux64/0.32.0/geckodriver\n\tat com.jdiai.tools.func.JFunc1.execute(JFunc1.java:21)\n\tat com.epam.jdi.light.driver.WebDriverFactory.getDriver(WebDriverFactory.java:222)\n\t... 29 more\nCaused by: java.lang.RuntimeException: \nFailed to run downloaded driver FIREFOX:X64:latest. Please check that your browser and driver are compatible or use local driver with 'drivers.folder' property in test.properties'.\nDriverPath: /home/runner/.cache/selenium/geckodriver/linux64/0.32.0/geckodriver\n\tat com.epam.jdi.light.common.Exceptions.exception(Exceptions.java:31)\n\tat com.epam.jdi.light.driver.WebDriverFactory.getDriverException(WebDriverFactory.java:143)\n\tat com.epam.jdi.light.driver.WebDriverFactory.getDriverByName(WebDriverFactory.java:127)\n\tat com.jdiai.tools.func.JFunc1.execute(JFunc1.java:19)\n\t... 30 more\nCaused by: java.lang.RuntimeException: \nCan't run and register new driver 'firefox'\n\tat com.epam.jdi.light.common.Exceptions.exception(Exceptions.java:31)\n\tat com.epam.jdi.light.driver.WebDriverFactory.registerNewDriver(WebDriverFactory.java:90)\n\tat com.epam.jdi.light.driver.WebDriverFactory.getDriverFromName(WebDriverFactory.java:158)\n\tat com.epam.jdi.light.driver.WebDriverFactory.getDriverByName(WebDriverFactory.java:125)\n\t... 31 more\nCaused by: java.lang.RuntimeException: \nFailed to get valid driver 'firefox'\n\tat com.epam.jdi.light.common.Exceptions.runtimeException(Exceptions.java:15)\n\tat com.epam.jdi.light.driver.WebDriverFactory.getValidDriver(WebDriverFactory.java:113)\n\tat com.epam.jdi.light.driver.WebDriverFactory.registerNewDriver(WebDriverFactory.java:85)\n\t... 33 more\n","steps":[],"attachments":[],"parameters":[],"stepsCount":0,"attachmentsCount":0,"shouldDisplayMessage":true,"hasContent":true}],"afterStages":[{"name":"tearDown","time":{"start":1667992195784,"stop":1667992195785,"duration":1},"description":"","status":"passed","steps":[],"attachments":[],"parameters":[],"stepsCount":0,"attachmentsCount":0,"shouldDisplayMessage":false,"hasContent":false}],"labels":[{"name":"package","value":"org.mytests.tests.example.DataTableTests"},{"name":"testClass","value":"org.mytests.tests.example.DataTableTests"},{"name":"testMethod","value":"tableParamsTest"},{"name":"parentSuite","value":"JDI-Light Performance"},{"name":"suite","value":"Tests"},{"name":"subSuite","value":"org.mytests.tests.example.DataTableTests"},{"name":"host","value":"fv-az76-403"},{"name":"thread","value":"3754@fv-az76-403.TestNG-test=Tests-3(31)"},{"name":"framework","value":"testng"},{"name":"language","value":"java"},{"name":"resultFormat","value":"allure2"}],"parameters":[],"links":[],"hidden":false,"retry":false,"extra":{"severity":"normal","retries":[],"categories":[],"history":{"statistic":{"failed":0,"broken":0,"skipped":24,"passed":1,"unknown":0,"total":25},"items":[{"uid":"d7fe421c6547b03f","reportUrl":"https://jdi-templates.github.io/jdi-light-browserstack/6//#testresult/d7fe421c6547b03f","status":"skipped","statusDetails":"\nCan't get WebDriver: firefox","time":{"start":1667992079442,"stop":1667992079442,"duration":0}},{"uid":"65df82434cab1013","reportUrl":"https://jdi-templates.github.io/jdi-light-browserstack/6//#testresult/65df82434cab1013","status":"skipped","statusDetails":"\nCan't get WebDriver: firefox","time":{"start":1667991973724,"stop":1667991973724,"duration":0}},{"uid":"35c82b1ed71b4a9b","reportUrl":"https://jdi-templates.github.io/jdi-light-browserstack/6//#testresult/35c82b1ed71b4a9b","status":"skipped","statusDetails":"\nCan't get WebDriver: firefox","time":{"start":1667991873291,"stop":1667991873291,"duration":0}},{"uid":"9a565b908f487574","reportUrl":"https://jdi-templates.github.io/jdi-light-browserstack/6//#testresult/9a565b908f487574","status":"skipped","statusDetails":"\nCan't get WebDriver: firefox","time":{"start":1667991759195,"stop":1667991759195,"duration":0}},{"uid":"582ac6cc7dacc8e9","reportUrl":"https://jdi-templates.github.io/jdi-light-browserstack/6//#testresult/582ac6cc7dacc8e9","status":"skipped","statusDetails":"\nCan't get WebDriver: firefox","time":{"start":1667991671643,"stop":1667991671643,"duration":0}},{"uid":"fce538553d1ddbea","reportUrl":"https://jdi-templates.github.io/jdi-light-browserstack/6//#testresult/fce538553d1ddbea","status":"skipped","statusDetails":"\nCan't get WebDriver: firefox","time":{"start":1667991569064,"stop":1667991569064,"duration":0}},{"uid":"6644dc6cb9004032","reportUrl":"https://jdi-templates.github.io/jdi-light-browserstack/6//#testresult/6644dc6cb9004032","status":"skipped","statusDetails":"\nCan't get WebDriver: firefox","time":{"start":1667991465362,"stop":1667991465362,"duration":0}},{"uid":"cdf16ca2160aa18f","reportUrl":"https://jdi-templates.github.io/jdi-light-browserstack/5//#testresult/cdf16ca2160aa18f","status":"skipped","statusDetails":"\nCan't get WebDriver: firefox","time":{"start":1667986026332,"stop":1667986026332,"duration":0}},{"uid":"88a2bafd9c446a50","reportUrl":"https://jdi-templates.github.io/jdi-light-browserstack/5//#testresult/88a2bafd9c446a50","status":"skipped","statusDetails":"\nCan't get WebDriver: firefox","time":{"start":1667985902076,"stop":1667985902076,"duration":0}},{"uid":"47ec2deab6715c04","reportUrl":"https://jdi-templates.github.io/jdi-light-browserstack/5//#testresult/47ec2deab6715c04","status":"skipped","statusDetails":"\nCan't get WebDriver: firefox","time":{"start":1667985782920,"stop":1667985782920,"duration":0}},{"uid":"aa8ef791919a4bed","reportUrl":"https://jdi-templates.github.io/jdi-light-browserstack/5//#testresult/aa8ef791919a4bed","status":"skipped","statusDetails":"\nCan't get WebDriver: firefox","time":{"start":1667985662963,"stop":1667985662963,"duration":0}},{"uid":"47ac8fcf5af61ed4","reportUrl":"https://jdi-templates.github.io/jdi-light-browserstack/5//#testresult/47ac8fcf5af61ed4","status":"skipped","statusDetails":"\nCan't get WebDriver: firefox","time":{"start":1667985532578,"stop":1667985532578,"duration":0}},{"uid":"f42e7e9133ebfb36","reportUrl":"https://jdi-templates.github.io/jdi-light-browserstack/5//#testresult/f42e7e9133ebfb36","status":"skipped","statusDetails":"\nCan't get WebDriver: firefox","time":{"start":1667985435292,"stop":1667985435292,"duration":0}},{"uid":"ff4dd9ca12236f77","reportUrl":"https://jdi-templates.github.io/jdi-light-browserstack/5//#testresult/ff4dd9ca12236f77","status":"skipped","statusDetails":"\nCan't get WebDriver: firefox","time":{"start":1667985324138,"stop":1667985324138,"duration":0}},{"uid":"f16df0b3753579da","reportUrl":"https://jdi-templates.github.io/jdi-light-browserstack/5//#testresult/f16df0b3753579da","status":"skipped","statusDetails":"\nCan't get WebDriver: firefox","time":{"start":1667985202557,"stop":1667985202557,"duration":0}},{"uid":"d49fb410978de8cd","reportUrl":"https://jdi-templates.github.io/jdi-light-browserstack/4//#testresult/d49fb410978de8cd","status":"skipped","statusDetails":"\nCan't get WebDriver: firefox","time":{"start":1666713729370,"stop":1666713729371,"duration":1}},{"uid":"1f8deb2671e82874","reportUrl":"https://jdi-templates.github.io/jdi-light-browserstack/4//#testresult/1f8deb2671e82874","status":"skipped","statusDetails":"\nCan't get WebDriver: firefox","time":{"start":1666713625074,"stop":1666713625074,"duration":0}},{"uid":"376061bac1fe616c","reportUrl":"https://jdi-templates.github.io/jdi-light-browserstack/4//#testresult/376061bac1fe616c","status":"skipped","statusDetails":"\nCan't get WebDriver: firefox","time":{"start":1666713522806,"stop":1666713522807,"duration":1}},{"uid":"f08109337a4edb2b","reportUrl":"https://jdi-templates.github.io/jdi-light-browserstack/4//#testresult/f08109337a4edb2b","status":"skipped","statusDetails":"\nCan't get WebDriver: firefox","time":{"start":1666713424650,"stop":1666713424651,"duration":1}},{"uid":"5038abdf1dc94bf8","reportUrl":"https://jdi-templates.github.io/jdi-light-browserstack/4//#testresult/5038abdf1dc94bf8","status":"skipped","statusDetails":"\nCan't get WebDriver: firefox","time":{"start":1666713331209,"stop":1666713331209,"duration":0}}]},"tags":[]},"source":"b8f14852a52e7102.json","parameterValues":[]}